<?xml version="1.0" encoding="UTF-8"?>
<testng-results skipped="0" failed="0" ignored="0" total="0" passed="0">
  <reporter-output>
  </reporter-output>
  <suite name="Default suite" duration-ms="2835" started-at="2017-05-29T04:31:00Z" finished-at="2017-05-29T04:31:03Z">
    <groups>
    </groups>
    <test name="Default test" duration-ms="2835" started-at="2017-05-29T04:31:00Z" finished-at="2017-05-29T04:31:03Z">
      <class name="com.way2Automation.test.TestLogin">
        <test-method status="PASS" signature="setup()[pri:0, instance:com.way2Automation.test.TestLogin@273e7444]" name="setup" is-config="true" duration-ms="2827" started-at="2017-05-29T00:31:00Z" finished-at="2017-05-29T00:31:03Z">
          <reporter-output>
          </reporter-output>
        </test-method> <!-- setup -->
      </class> <!-- com.way2Automation.test.TestLogin -->
    </test> <!-- Default test -->
  </suite> <!-- Default suite -->
</testng-results>
